mode: set
kumarkunalbd/datastructure/2226/max_candies_k_children.go:3.49,6.30 3 1
kumarkunalbd/datastructure/2226/max_candies_k_children.go:6.30,8.3 1 1
kumarkunalbd/datastructure/2226/max_candies_k_children.go:9.2,11.13 3 1
kumarkunalbd/datastructure/2226/max_candies_k_children.go:11.13,13.55 2 1
kumarkunalbd/datastructure/2226/max_candies_k_children.go:13.55,16.4 2 1
kumarkunalbd/datastructure/2226/max_candies_k_children.go:16.9,18.4 1 1
kumarkunalbd/datastructure/2226/max_candies_k_children.go:21.2,21.15 1 1
kumarkunalbd/datastructure/2226/max_candies_k_children.go:25.79,27.30 2 1
kumarkunalbd/datastructure/2226/max_candies_k_children.go:27.30,29.29 2 1
kumarkunalbd/datastructure/2226/max_candies_k_children.go:29.29,31.4 1 1
kumarkunalbd/datastructure/2226/max_candies_k_children.go:33.2,33.14 1 1
